<?xml version="1.0" encoding="UTF-8"?>
<!-- Generated by org.testng.reporters.JUnitReportReporter -->
<testsuite skipped="0" hostname="pritamkx-MOBL1" name="com.pack1.testng.TakeScreenShot2" tests="1" failures="0" timestamp="16 Sep 2019 03:03:58 GMT" time="66.401" errors="0">
  <testcase name="loginToApp" time="66.401" classname="com.pack1.testng.TakeScreenShot2"/>
</testsuite> <!-- com.pack1.testng.TakeScreenShot2 -->
