<?xml version="1.0" encoding="UTF-8"?>
<!-- Generated by org.testng.reporters.JUnitReportReporter -->
<testsuite skipped="0" hostname="pritamkx-MOBL1" name="pack1.dataprovider.Test2" tests="5" failures="0" timestamp="18 Sep 2019 03:19:36 GMT" time="0.021" errors="0">
  <testcase name="loginToApp" time="0.002" classname="pack1.dataprovider.Test2"/>
  <testcase name="loginToApp" time="0.002" classname="pack1.dataprovider.Test2"/>
  <testcase name="createFolder" time="0.012" classname="pack1.dataprovider.Test2"/>
  <testcase name="loginToApp" time="0.003" classname="pack1.dataprovider.Test2"/>
  <testcase name="createFolder" time="0.002" classname="pack1.dataprovider.Test2"/>
</testsuite> <!-- pack1.dataprovider.Test2 -->
