<?xml version="1.0" encoding="UTF-8"?>
<!-- Generated by org.testng.reporters.JUnitReportReporter -->
<testsuite skipped="0" hostname="pritamkx-MOBL1" name="com.pack1.testng.Test6" tests="2" failures="0" timestamp="09 Sep 2019 03:05:11 GMT" time="0.018" errors="0">
  <testcase name="adeleteFolder" time="0.002" classname="com.pack1.testng.Test6"/>
  <testcase name="createFolder" time="0.016" classname="com.pack1.testng.Test6"/>
</testsuite> <!-- com.pack1.testng.Test6 -->
