<?xml version="1.0" encoding="UTF-8"?>
<!-- Generated by org.testng.reporters.JUnitReportReporter -->
<testsuite skipped="0" hostname="pritamkx-MOBL1" name="com.pack1.testng.Test5" tests="6" failures="0" timestamp="09 Sep 2019 02:37:23 GMT" time="0.040" errors="0">
  <testcase name="downloadFileTest" time="0.015" classname="com.pack1.testng.Test5"/>
  <testcase name="renameFolder" time="0.010" classname="com.pack1.testng.Test5"/>
  <testcase name="deleteFolderTest" time="0.004" classname="com.pack1.testng.Test5"/>
  <testcase name="createFolderTest" time="0.007" classname="com.pack1.testng.Test5"/>
  <testcase name="renameFile" time="0.002" classname="com.pack1.testng.Test5"/>
  <testcase name="shareFolderTest" time="0.002" classname="com.pack1.testng.Test5"/>
</testsuite> <!-- com.pack1.testng.Test5 -->
