<?xml version="1.0" encoding="UTF-8"?>
<!-- Generated by org.testng.reporters.JUnitReportReporter -->
<testsuite skipped="0" hostname="pritamkx-MOBL1" name="pack1.dataprovider.Test3" tests="3" failures="0" timestamp="18 Sep 2019 03:28:03 GMT" time="0.017" errors="0">
  <testcase name="loginToApp" time="0.013" classname="pack1.dataprovider.Test3"/>
  <testcase name="loginToApp" time="0.003" classname="pack1.dataprovider.Test3"/>
  <testcase name="loginToApp" time="0.001" classname="pack1.dataprovider.Test3"/>
</testsuite> <!-- pack1.dataprovider.Test3 -->
