<?xml version="1.0" encoding="UTF-8"?>
<!-- Generated by org.testng.reporters.JUnitReportReporter -->
<testsuite skipped="0" hostname="pritamkx-MOBL1" name="com.pack1.testng.TestNGClass" tests="1" failures="0" timestamp="05 Sep 2019 04:04:14 GMT" time="0.008" errors="0">
  <testcase name="createFolderTest" time="0.008" classname="com.pack1.testng.TestNGClass"/>
</testsuite> <!-- com.pack1.testng.TestNGClass -->
