<?xml version="1.0" encoding="UTF-8"?>
<!-- Generated by org.testng.reporters.JUnitReportReporter -->
<testsuite skipped="0" hostname="pritamkx-MOBL1" name="com.testng.assert1.AssertMethod1" tests="1" failures="0" timestamp="09 Sep 2019 04:39:05 GMT" time="0.015" errors="0">
  <testcase name="searchProduct" time="0.015" classname="com.testng.assert1.AssertMethod1"/>
</testsuite> <!-- com.testng.assert1.AssertMethod1 -->
