<?xml version="1.0" encoding="UTF-8"?>
<!-- Generated by org.testng.reporters.JUnitReportReporter -->
<testsuite skipped="0" hostname="pritamkx-MOBL1" name="com.listener1.Test3" tests="1" failures="0" timestamp="19 Sep 2019 02:44:35 GMT" time="0.008" errors="0">
  <testcase name="sample" time="0.008" classname="com.listener1.Test3"/>
</testsuite> <!-- com.listener1.Test3 -->
