<?xml version="1.0" encoding="UTF-8"?>
<!-- Generated by org.testng.reporters.JUnitReportReporter -->
<testsuite skipped="0" hostname="pritamkx-MOBL1" name="com.atuReportTest.ATUDemo" tests="1" failures="0" timestamp="30 Sep 2019 04:14:43 GMT" time="36.600" errors="0">
  <testcase name="m1" time="36.600" classname="com.atuReportTest.ATUDemo"/>
</testsuite> <!-- com.atuReportTest.ATUDemo -->
