<?xml version="1.0" encoding="UTF-8"?>
<!-- Generated by org.testng.reporters.JUnitReportReporter -->
<testsuite skipped="0" hostname="pritamkx-MOBL1" name="com.pack1.testng.Test1" tests="2" failures="0" timestamp="06 Sep 2019 03:44:34 GMT" time="0.010" errors="0">
  <testcase name="sampleFolder" time="0.007" classname="com.pack1.testng.Test1"/>
  <testcase name="shareFolder" time="0.003" classname="com.pack1.testng.Test1"/>
</testsuite> <!-- com.pack1.testng.Test1 -->
