<?xml version="1.0" encoding="UTF-8"?>
<!-- Generated by org.testng.reporters.JUnitReportReporter -->
<testsuite skipped="0" hostname="pritamkx-MOBL1" name="pack1.dataprovider.Test1" tests="7" failures="0" timestamp="18 Sep 2019 03:07:52 GMT" time="0.041" errors="0">
  <testcase name="loginToApp" time="0.004" classname="pack1.dataprovider.Test1"/>
  <testcase name="createFile" time="0.013" classname="pack1.dataprovider.Test1"/>
  <testcase name="createFolder" time="0.004" classname="pack1.dataprovider.Test1"/>
  <testcase name="createFile" time="0.005" classname="pack1.dataprovider.Test1"/>
  <testcase name="loginToApp" time="0.005" classname="pack1.dataprovider.Test1"/>
  <testcase name="loginToApp" time="0.004" classname="pack1.dataprovider.Test1"/>
  <testcase name="createFolder" time="0.006" classname="pack1.dataprovider.Test1"/>
</testsuite> <!-- pack1.dataprovider.Test1 -->
