<?xml version="1.0" encoding="UTF-8"?>
<!-- Generated by org.testng.reporters.JUnitReportReporter -->
<testsuite skipped="0" hostname="pritamkx-MOBL1" name="com.pack1.testng.GoogleDrive" tests="1" failures="0" timestamp="06 Sep 2019 02:52:01 GMT" time="0.004" errors="0">
  <testcase name="shareFolder" time="0.004" classname="com.pack1.testng.GoogleDrive"/>
</testsuite> <!-- com.pack1.testng.GoogleDrive -->
