<?xml version="1.0" encoding="UTF-8"?>
<!-- Generated by org.testng.reporters.JUnitReportReporter -->
<testsuite skipped="0" hostname="pritamkx-MOBL1" name="com.testng.assert1.Assert2" tests="1" failures="0" timestamp="09 Sep 2019 04:49:23 GMT" time="18.218" errors="0">
  <testcase name="login" time="18.218" classname="com.testng.assert1.Assert2"/>
</testsuite> <!-- com.testng.assert1.Assert2 -->
