<?xml version="1.0" encoding="UTF-8"?>
<!-- Generated by org.testng.reporters.JUnitReportReporter -->
<testsuite skipped="0" hostname="pritamkx-MOBL1" name="com.testng.assert1.ParameterAnnotation" tests="1" failures="0" timestamp="17 Sep 2019 15:35:50 GMT" time="0.018" errors="0">
  <testcase name="loginApp" time="0.018" classname="com.testng.assert1.ParameterAnnotation"/>
</testsuite> <!-- com.testng.assert1.ParameterAnnotation -->
